[2026-01-28 11:03:34 +0500] [218227] [INFO] Starting gunicorn 21.2.0
[2026-01-28 11:03:34 +0500] [218227] [INFO] Listening at: http://0.0.0.0:6000 (218227)
[2026-01-28 11:03:34 +0500] [218227] [INFO] Using worker: uvicorn.workers.UvicornWorker
[2026-01-28 11:03:34 +0500] [218228] [INFO] Booting worker with pid: 218228
[2026-01-28 11:03:34 +0500] [218229] [INFO] Booting worker with pid: 218229
[2026-01-28 11:03:34 +0500] [218230] [INFO] Booting worker with pid: 218230
[2026-01-28 11:03:34 +0500] [218231] [INFO] Booting worker with pid: 218231
[2026-01-28 11:03:40 +0500] [218228] [ERROR] Exception in worker process
Traceback (most recent call last):
  File "/home/aidadmin/Projects/Face_Recognition/Data_Dump/bus_dump/lib/python3.12/site-packages/urllib3/connection.py", line 204, in _new_conn
    sock = connection.create_connection(
           ^^^^^^^^^^^^^^^^^^^^^^^^^^^^^
  File "/home/aidadmin/Projects/Face_Recognition/Data_Dump/bus_dump/lib/python3.12/site-packages/urllib3/util/connection.py", line 85, in create_connection
    raise err
  File "/home/aidadmin/Projects/Face_Recognition/Data_Dump/bus_dump/lib/python3.12/site-packages/urllib3/util/connection.py", line 73, in create_connection
    sock.connect(sa)
ConnectionRefusedError: [Errno 111] Connection refused

The above exception was the direct cause of the following exception:

Traceback (most recent call last):
  File "/home/aidadmin/Projects/Face_Recognition/Data_Dump/bus_dump/lib/python3.12/site-packages/urllib3/connectionpool.py", line 787, in urlopen
    response = self._make_request(
               ^^^^^^^^^^^^^^^^^^^
  File "/home/aidadmin/Projects/Face_Recognition/Data_Dump/bus_dump/lib/python3.12/site-packages/urllib3/connectionpool.py", line 493, in _make_request
    conn.request(
  File "/home/aidadmin/Projects/Face_Recognition/Data_Dump/bus_dump/lib/python3.12/site-packages/urllib3/connection.py", line 500, in request
    self.endheaders()
  File "/usr/lib/python3.12/http/client.py", line 1351, in endheaders
    self._send_output(message_body, encode_chunked=encode_chunked)
  File "/usr/lib/python3.12/http/client.py", line 1111, in _send_output
    self.send(msg)
  File "/usr/lib/python3.12/http/client.py", line 1055, in send
    self.connect()
  File "/home/aidadmin/Projects/Face_Recognition/Data_Dump/bus_dump/lib/python3.12/site-packages/urllib3/connection.py", line 331, in connect
    self.sock = self._new_conn()
                ^^^^^^^^^^^^^^^^
  File "/home/aidadmin/Projects/Face_Recognition/Data_Dump/bus_dump/lib/python3.12/site-packages/urllib3/connection.py", line 219, in _new_conn
    raise NewConnectionError(
urllib3.exceptions.NewConnectionError: HTTPConnection(host='localhost', port=9000): Failed to establish a new connection: [Errno 111] Connection refused

The above exception was the direct cause of the following exception:

Traceback (most recent call last):
  File "/home/aidadmin/Projects/Face_Recognition/Data_Dump/bus_dump/lib/python3.12/site-packages/gunicorn/arbiter.py", line 609, in spawn_worker
    worker.init_process()
  File "/home/aidadmin/Projects/Face_Recognition/Data_Dump/bus_dump/lib/python3.12/site-packages/uvicorn/workers.py", line 66, in init_process
    super(UvicornWorker, self).init_process()
  File "/home/aidadmin/Projects/Face_Recognition/Data_Dump/bus_dump/lib/python3.12/site-packages/gunicorn/workers/base.py", line 134, in init_process
    self.load_wsgi()
  File "/home/aidadmin/Projects/Face_Recognition/Data_Dump/bus_dump/lib/python3.12/site-packages/gunicorn/workers/base.py", line 146, in load_wsgi
    self.wsgi = self.app.wsgi()
                ^^^^^^^^^^^^^^^
  File "/home/aidadmin/Projects/Face_Recognition/Data_Dump/bus_dump/lib/python3.12/site-packages/gunicorn/app/base.py", line 67, in wsgi
    self.callable = self.load()
                    ^^^^^^^^^^^
  File "/home/aidadmin/Projects/Face_Recognition/Data_Dump/bus_dump/lib/python3.12/site-packages/gunicorn/app/wsgiapp.py", line 58, in load
    return self.load_wsgiapp()
           ^^^^^^^^^^^^^^^^^^^
  File "/home/aidadmin/Projects/Face_Recognition/Data_Dump/bus_dump/lib/python3.12/site-packages/gunicorn/app/wsgiapp.py", line 48, in load_wsgiapp
    return util.import_app(self.app_uri)
           ^^^^^^^^^^^^^^^^^^^^^^^^^^^^^
  File "/home/aidadmin/Projects/Face_Recognition/Data_Dump/bus_dump/lib/python3.12/site-packages/gunicorn/util.py", line 371, in import_app
    mod = importlib.import_module(module)
          ^^^^^^^^^^^^^^^^^^^^^^^^^^^^^^^
  File "/usr/lib/python3.12/importlib/__init__.py", line 90, in import_module
    return _bootstrap._gcd_import(name[level:], package, level)
           ^^^^^^^^^^^^^^^^^^^^^^^^^^^^^^^^^^^^^^^^^^^^^^^^^^^^
  File "<frozen importlib._bootstrap>", line 1387, in _gcd_import
  File "<frozen importlib._bootstrap>", line 1360, in _find_and_load
  File "<frozen importlib._bootstrap>", line 1331, in _find_and_load_unlocked
  File "<frozen importlib._bootstrap>", line 935, in _load_unlocked
  File "<frozen importlib._bootstrap_external>", line 995, in exec_module
  File "<frozen importlib._bootstrap>", line 488, in _call_with_frames_removed
  File "/home/aidadmin/Projects/Face_Recognition/Data_Dump/upload_api.py", line 39, in <module>
    if not minio_client.bucket_exists(MINIO_BUCKET):
           ^^^^^^^^^^^^^^^^^^^^^^^^^^^^^^^^^^^^^^^^
  File "/home/aidadmin/Projects/Face_Recognition/Data_Dump/bus_dump/lib/python3.12/site-packages/minio/api.py", line 662, in bucket_exists
    self._execute("HEAD", bucket_name)
  File "/home/aidadmin/Projects/Face_Recognition/Data_Dump/bus_dump/lib/python3.12/site-packages/minio/api.py", line 413, in _execute
    region = self._get_region(bucket_name)
             ^^^^^^^^^^^^^^^^^^^^^^^^^^^^^
  File "/home/aidadmin/Projects/Face_Recognition/Data_Dump/bus_dump/lib/python3.12/site-packages/minio/api.py", line 470, in _get_region
    response = self._url_open(
               ^^^^^^^^^^^^^^^
  File "/home/aidadmin/Projects/Face_Recognition/Data_Dump/bus_dump/lib/python3.12/site-packages/minio/api.py", line 279, in _url_open
    response = self._http.urlopen(
               ^^^^^^^^^^^^^^^^^^^
  File "/home/aidadmin/Projects/Face_Recognition/Data_Dump/bus_dump/lib/python3.12/site-packages/urllib3/poolmanager.py", line 457, in urlopen
    response = conn.urlopen(method, u.request_uri, **kw)
               ^^^^^^^^^^^^^^^^^^^^^^^^^^^^^^^^^^^^^^^^^
  File "/home/aidadmin/Projects/Face_Recognition/Data_Dump/bus_dump/lib/python3.12/site-packages/urllib3/connectionpool.py", line 871, in urlopen
    return self.urlopen(
           ^^^^^^^^^^^^^
  File "/home/aidadmin/Projects/Face_Recognition/Data_Dump/bus_dump/lib/python3.12/site-packages/urllib3/connectionpool.py", line 871, in urlopen
    return self.urlopen(
           ^^^^^^^^^^^^^
  File "/home/aidadmin/Projects/Face_Recognition/Data_Dump/bus_dump/lib/python3.12/site-packages/urllib3/connectionpool.py", line 871, in urlopen
    return self.urlopen(
           ^^^^^^^^^^^^^
  [Previous line repeated 2 more times]
  File "/home/aidadmin/Projects/Face_Recognition/Data_Dump/bus_dump/lib/python3.12/site-packages/urllib3/connectionpool.py", line 841, in urlopen
    retries = retries.increment(
              ^^^^^^^^^^^^^^^^^^
  File "/home/aidadmin/Projects/Face_Recognition/Data_Dump/bus_dump/lib/python3.12/site-packages/urllib3/util/retry.py", line 535, in increment
    raise MaxRetryError(_pool, url, reason) from reason  # type: ignore[arg-type]
    ^^^^^^^^^^^^^^^^^^^^^^^^^^^^^^^^^^^^^^^^^^^^^^^^^^^
urllib3.exceptions.MaxRetryError: HTTPConnectionPool(host='localhost', port=9000): Max retries exceeded with url: /bus-alerts?location= (Caused by NewConnectionError("HTTPConnection(host='localhost', port=9000): Failed to establish a new connection: [Errno 111] Connection refused"))
[2026-01-28 11:03:40 +0500] [218228] [INFO] Worker exiting (pid: 218228)
[2026-01-28 11:03:40 +0500] [218227] [ERROR] Worker (pid:218228) exited with code 3
[2026-01-28 11:03:40 +0500] [218227] [ERROR] Worker (pid:218230) was sent SIGTERM!
[2026-01-28 11:03:40 +0500] [218227] [ERROR] Worker (pid:218231) was sent SIGTERM!
[2026-01-28 11:03:40 +0500] [218227] [ERROR] Worker (pid:218229) was sent SIGTERM!
[2026-01-28 11:03:40 +0500] [218227] [ERROR] Shutting down: Master
[2026-01-28 11:03:40 +0500] [218227] [ERROR] Reason: Worker failed to boot.
[2026-01-28 11:07:55 +0500] [218458] [INFO] Starting gunicorn 21.2.0
[2026-01-28 11:07:55 +0500] [218458] [INFO] Listening at: http://0.0.0.0:6000 (218458)
[2026-01-28 11:07:55 +0500] [218458] [INFO] Using worker: uvicorn.workers.UvicornWorker
[2026-01-28 11:07:55 +0500] [218459] [INFO] Booting worker with pid: 218459
[2026-01-28 11:07:55 +0500] [218460] [INFO] Booting worker with pid: 218460
[2026-01-28 11:07:55 +0500] [218461] [INFO] Booting worker with pid: 218461
[2026-01-28 11:07:56 +0500] [218462] [INFO] Booting worker with pid: 218462
[2026-01-28 11:07:56 +0500] [218459] [INFO] Started server process [218459]
[2026-01-28 11:07:56 +0500] [218459] [INFO] Waiting for application startup.
[2026-01-28 11:07:56 +0500] [218459] [INFO] Application startup complete.
[2026-01-28 11:07:56 +0500] [218460] [INFO] Started server process [218460]
[2026-01-28 11:07:56 +0500] [218460] [INFO] Waiting for application startup.
[2026-01-28 11:07:56 +0500] [218460] [INFO] Application startup complete.
[2026-01-28 11:07:56 +0500] [218461] [INFO] Started server process [218461]
[2026-01-28 11:07:56 +0500] [218461] [INFO] Waiting for application startup.
[2026-01-28 11:07:56 +0500] [218461] [INFO] Application startup complete.
[2026-01-28 11:07:56 +0500] [218462] [INFO] Started server process [218462]
[2026-01-28 11:07:56 +0500] [218462] [INFO] Waiting for application startup.
[2026-01-28 11:07:56 +0500] [218462] [INFO] Application startup complete.
[2026-01-28 11:10:00 +0500] [218458] [INFO] Handling signal: term
[2026-01-28 11:10:00 +0500] [218460] [INFO] Shutting down
[2026-01-28 11:10:00 +0500] [218460] [INFO] Error while closing socket [Errno 9] Bad file descriptor
[2026-01-28 11:10:00 +0500] [218462] [INFO] Shutting down
[2026-01-28 11:10:00 +0500] [218462] [INFO] Error while closing socket [Errno 9] Bad file descriptor
[2026-01-28 11:10:00 +0500] [218461] [INFO] Shutting down
[2026-01-28 11:10:00 +0500] [218461] [INFO] Error while closing socket [Errno 9] Bad file descriptor
[2026-01-28 11:10:00 +0500] [218459] [INFO] Shutting down
[2026-01-28 11:10:00 +0500] [218459] [INFO] Error while closing socket [Errno 9] Bad file descriptor
[2026-01-28 11:10:00 +0500] [218497] [INFO] Starting gunicorn 21.2.0
[2026-01-28 11:10:00 +0500] [218460] [INFO] Waiting for application shutdown.
[2026-01-28 11:10:00 +0500] [218460] [INFO] Application shutdown complete.
[2026-01-28 11:10:00 +0500] [218460] [INFO] Finished server process [218460]
[2026-01-28 11:10:00 +0500] [218460] [INFO] Worker exiting (pid: 218460)
[2026-01-28 11:10:00 +0500] [218462] [INFO] Waiting for application shutdown.
[2026-01-28 11:10:00 +0500] [218462] [INFO] Application shutdown complete.
[2026-01-28 11:10:00 +0500] [218462] [INFO] Finished server process [218462]
[2026-01-28 11:10:00 +0500] [218462] [INFO] Worker exiting (pid: 218462)
[2026-01-28 11:10:00 +0500] [218461] [INFO] Waiting for application shutdown.
[2026-01-28 11:10:00 +0500] [218461] [INFO] Application shutdown complete.
[2026-01-28 11:10:00 +0500] [218461] [INFO] Finished server process [218461]
[2026-01-28 11:10:00 +0500] [218461] [INFO] Worker exiting (pid: 218461)
[2026-01-28 11:10:00 +0500] [218459] [INFO] Waiting for application shutdown.
[2026-01-28 11:10:00 +0500] [218459] [INFO] Application shutdown complete.
[2026-01-28 11:10:00 +0500] [218459] [INFO] Finished server process [218459]
[2026-01-28 11:10:00 +0500] [218459] [INFO] Worker exiting (pid: 218459)
[2026-01-28 11:10:00 +0500] [218458] [INFO] Shutting down: Master
[2026-01-28 11:13:36 +0500] [218534] [INFO] Starting gunicorn 21.2.0
[2026-01-28 11:13:36 +0500] [218534] [INFO] Listening at: http://0.0.0.0:4000 (218534)
[2026-01-28 11:13:36 +0500] [218534] [INFO] Using worker: uvicorn.workers.UvicornWorker
[2026-01-28 11:13:36 +0500] [218535] [INFO] Booting worker with pid: 218535
[2026-01-28 11:13:37 +0500] [218536] [INFO] Booting worker with pid: 218536
[2026-01-28 11:13:37 +0500] [218537] [INFO] Booting worker with pid: 218537
[2026-01-28 11:13:37 +0500] [218538] [INFO] Booting worker with pid: 218538
[2026-01-28 11:13:37 +0500] [218535] [INFO] Started server process [218535]
[2026-01-28 11:13:37 +0500] [218535] [INFO] Waiting for application startup.
[2026-01-28 11:13:37 +0500] [218535] [INFO] Application startup complete.
[2026-01-28 11:13:37 +0500] [218536] [INFO] Started server process [218536]
[2026-01-28 11:13:37 +0500] [218536] [INFO] Waiting for application startup.
[2026-01-28 11:13:37 +0500] [218536] [INFO] Application startup complete.
[2026-01-28 11:13:37 +0500] [218538] [INFO] Started server process [218538]
[2026-01-28 11:13:37 +0500] [218538] [INFO] Waiting for application startup.
[2026-01-28 11:13:37 +0500] [218537] [INFO] Started server process [218537]
[2026-01-28 11:13:37 +0500] [218537] [INFO] Waiting for application startup.
[2026-01-28 11:13:37 +0500] [218538] [INFO] Application startup complete.
[2026-01-28 11:13:37 +0500] [218537] [INFO] Application startup complete.
[2026-01-28 11:38:36 +0500] [218919] [INFO] Starting gunicorn 21.2.0
[2026-01-28 11:38:36 +0500] [218919] [INFO] Listening at: http://0.0.0.0:4000 (218919)
[2026-01-28 11:38:36 +0500] [218919] [INFO] Using worker: uvicorn.workers.UvicornWorker
[2026-01-28 11:38:36 +0500] [218920] [INFO] Booting worker with pid: 218920
[2026-01-28 11:38:36 +0500] [218921] [INFO] Booting worker with pid: 218921
[2026-01-28 11:38:36 +0500] [218922] [INFO] Booting worker with pid: 218922
[2026-01-28 11:38:36 +0500] [218923] [INFO] Booting worker with pid: 218923
[2026-01-28 11:38:43 +0500] [218920] [ERROR] Exception in worker process
Traceback (most recent call last):
  File "/home/aidadmin/Projects/Face_Recognition/Data_Dump/bus_dump/lib/python3.12/site-packages/urllib3/connection.py", line 204, in _new_conn
    sock = connection.create_connection(
           ^^^^^^^^^^^^^^^^^^^^^^^^^^^^^
  File "/home/aidadmin/Projects/Face_Recognition/Data_Dump/bus_dump/lib/python3.12/site-packages/urllib3/util/connection.py", line 85, in create_connection
    raise err
  File "/home/aidadmin/Projects/Face_Recognition/Data_Dump/bus_dump/lib/python3.12/site-packages/urllib3/util/connection.py", line 73, in create_connection
    sock.connect(sa)
ConnectionRefusedError: [Errno 111] Connection refused

The above exception was the direct cause of the following exception:

Traceback (most recent call last):
  File "/home/aidadmin/Projects/Face_Recognition/Data_Dump/bus_dump/lib/python3.12/site-packages/urllib3/connectionpool.py", line 787, in urlopen
    response = self._make_request(
               ^^^^^^^^^^^^^^^^^^^
  File "/home/aidadmin/Projects/Face_Recognition/Data_Dump/bus_dump/lib/python3.12/site-packages/urllib3/connectionpool.py", line 493, in _make_request
    conn.request(
  File "/home/aidadmin/Projects/Face_Recognition/Data_Dump/bus_dump/lib/python3.12/site-packages/urllib3/connection.py", line 500, in request
    self.endheaders()
  File "/usr/lib/python3.12/http/client.py", line 1351, in endheaders
    self._send_output(message_body, encode_chunked=encode_chunked)
  File "/usr/lib/python3.12/http/client.py", line 1111, in _send_output
    self.send(msg)
  File "/usr/lib/python3.12/http/client.py", line 1055, in send
    self.connect()
  File "/home/aidadmin/Projects/Face_Recognition/Data_Dump/bus_dump/lib/python3.12/site-packages/urllib3/connection.py", line 331, in connect
    self.sock = self._new_conn()
                ^^^^^^^^^^^^^^^^
  File "/home/aidadmin/Projects/Face_Recognition/Data_Dump/bus_dump/lib/python3.12/site-packages/urllib3/connection.py", line 219, in _new_conn
    raise NewConnectionError(
urllib3.exceptions.NewConnectionError: HTTPConnection(host='localhost', port=9000): Failed to establish a new connection: [Errno 111] Connection refused

The above exception was the direct cause of the following exception:

Traceback (most recent call last):
  File "/home/aidadmin/Projects/Face_Recognition/Data_Dump/bus_dump/lib/python3.12/site-packages/gunicorn/arbiter.py", line 609, in spawn_worker
    worker.init_process()
  File "/home/aidadmin/Projects/Face_Recognition/Data_Dump/bus_dump/lib/python3.12/site-packages/uvicorn/workers.py", line 66, in init_process
    super(UvicornWorker, self).init_process()
  File "/home/aidadmin/Projects/Face_Recognition/Data_Dump/bus_dump/lib/python3.12/site-packages/gunicorn/workers/base.py", line 134, in init_process
    self.load_wsgi()
  File "/home/aidadmin/Projects/Face_Recognition/Data_Dump/bus_dump/lib/python3.12/site-packages/gunicorn/workers/base.py", line 146, in load_wsgi
    self.wsgi = self.app.wsgi()
                ^^^^^^^^^^^^^^^
  File "/home/aidadmin/Projects/Face_Recognition/Data_Dump/bus_dump/lib/python3.12/site-packages/gunicorn/app/base.py", line 67, in wsgi
    self.callable = self.load()
                    ^^^^^^^^^^^
  File "/home/aidadmin/Projects/Face_Recognition/Data_Dump/bus_dump/lib/python3.12/site-packages/gunicorn/app/wsgiapp.py", line 58, in load
    return self.load_wsgiapp()
           ^^^^^^^^^^^^^^^^^^^
  File "/home/aidadmin/Projects/Face_Recognition/Data_Dump/bus_dump/lib/python3.12/site-packages/gunicorn/app/wsgiapp.py", line 48, in load_wsgiapp
    return util.import_app(self.app_uri)
           ^^^^^^^^^^^^^^^^^^^^^^^^^^^^^
  File "/home/aidadmin/Projects/Face_Recognition/Data_Dump/bus_dump/lib/python3.12/site-packages/gunicorn/util.py", line 371, in import_app
    mod = importlib.import_module(module)
          ^^^^^^^^^^^^^^^^^^^^^^^^^^^^^^^
  File "/usr/lib/python3.12/importlib/__init__.py", line 90, in import_module
    return _bootstrap._gcd_import(name[level:], package, level)
           ^^^^^^^^^^^^^^^^^^^^^^^^^^^^^^^^^^^^^^^^^^^^^^^^^^^^
  File "<frozen importlib._bootstrap>", line 1387, in _gcd_import
  File "<frozen importlib._bootstrap>", line 1360, in _find_and_load
  File "<frozen importlib._bootstrap>", line 1331, in _find_and_load_unlocked
  File "<frozen importlib._bootstrap>", line 935, in _load_unlocked
  File "<frozen importlib._bootstrap_external>", line 995, in exec_module
  File "<frozen importlib._bootstrap>", line 488, in _call_with_frames_removed
  File "/home/aidadmin/Projects/Face_Recognition/Data_Dump/upload_api.py", line 39, in <module>
    if not minio_client.bucket_exists(MINIO_BUCKET):
           ^^^^^^^^^^^^^^^^^^^^^^^^^^^^^^^^^^^^^^^^
  File "/home/aidadmin/Projects/Face_Recognition/Data_Dump/bus_dump/lib/python3.12/site-packages/minio/api.py", line 662, in bucket_exists
    self._execute("HEAD", bucket_name)
  File "/home/aidadmin/Projects/Face_Recognition/Data_Dump/bus_dump/lib/python3.12/site-packages/minio/api.py", line 413, in _execute
    region = self._get_region(bucket_name)
             ^^^^^^^^^^^^^^^^^^^^^^^^^^^^^
  File "/home/aidadmin/Projects/Face_Recognition/Data_Dump/bus_dump/lib/python3.12/site-packages/minio/api.py", line 470, in _get_region
    response = self._url_open(
               ^^^^^^^^^^^^^^^
  File "/home/aidadmin/Projects/Face_Recognition/Data_Dump/bus_dump/lib/python3.12/site-packages/minio/api.py", line 279, in _url_open
    response = self._http.urlopen(
               ^^^^^^^^^^^^^^^^^^^
  File "/home/aidadmin/Projects/Face_Recognition/Data_Dump/bus_dump/lib/python3.12/site-packages/urllib3/poolmanager.py", line 457, in urlopen
    response = conn.urlopen(method, u.request_uri, **kw)
               ^^^^^^^^^^^^^^^^^^^^^^^^^^^^^^^^^^^^^^^^^
  File "/home/aidadmin/Projects/Face_Recognition/Data_Dump/bus_dump/lib/python3.12/site-packages/urllib3/connectionpool.py", line 871, in urlopen
    return self.urlopen(
           ^^^^^^^^^^^^^
  File "/home/aidadmin/Projects/Face_Recognition/Data_Dump/bus_dump/lib/python3.12/site-packages/urllib3/connectionpool.py", line 871, in urlopen
    return self.urlopen(
           ^^^^^^^^^^^^^
  File "/home/aidadmin/Projects/Face_Recognition/Data_Dump/bus_dump/lib/python3.12/site-packages/urllib3/connectionpool.py", line 871, in urlopen
    return self.urlopen(
           ^^^^^^^^^^^^^
  [Previous line repeated 2 more times]
  File "/home/aidadmin/Projects/Face_Recognition/Data_Dump/bus_dump/lib/python3.12/site-packages/urllib3/connectionpool.py", line 841, in urlopen
    retries = retries.increment(
              ^^^^^^^^^^^^^^^^^^
  File "/home/aidadmin/Projects/Face_Recognition/Data_Dump/bus_dump/lib/python3.12/site-packages/urllib3/util/retry.py", line 535, in increment
    raise MaxRetryError(_pool, url, reason) from reason  # type: ignore[arg-type]
    ^^^^^^^^^^^^^^^^^^^^^^^^^^^^^^^^^^^^^^^^^^^^^^^^^^^
urllib3.exceptions.MaxRetryError: HTTPConnectionPool(host='localhost', port=9000): Max retries exceeded with url: /bus-alerts?location= (Caused by NewConnectionError("HTTPConnection(host='localhost', port=9000): Failed to establish a new connection: [Errno 111] Connection refused"))
[2026-01-28 11:38:43 +0500] [218920] [INFO] Worker exiting (pid: 218920)
[2026-01-28 11:38:43 +0500] [218921] [ERROR] Exception in worker process
Traceback (most recent call last):
  File "/home/aidadmin/Projects/Face_Recognition/Data_Dump/bus_dump/lib/python3.12/site-packages/urllib3/connection.py", line 204, in _new_conn
    sock = connection.create_connection(
           ^^^^^^^^^^^^^^^^^^^^^^^^^^^^^
  File "/home/aidadmin/Projects/Face_Recognition/Data_Dump/bus_dump/lib/python3.12/site-packages/urllib3/util/connection.py", line 85, in create_connection
    raise err
  File "/home/aidadmin/Projects/Face_Recognition/Data_Dump/bus_dump/lib/python3.12/site-packages/urllib3/util/connection.py", line 73, in create_connection
    sock.connect(sa)
ConnectionRefusedError: [Errno 111] Connection refused

The above exception was the direct cause of the following exception:

Traceback (most recent call last):
  File "/home/aidadmin/Projects/Face_Recognition/Data_Dump/bus_dump/lib/python3.12/site-packages/urllib3/connectionpool.py", line 787, in urlopen
    response = self._make_request(
               ^^^^^^^^^^^^^^^^^^^
  File "/home/aidadmin/Projects/Face_Recognition/Data_Dump/bus_dump/lib/python3.12/site-packages/urllib3/connectionpool.py", line 493, in _make_request
    conn.request(
  File "/home/aidadmin/Projects/Face_Recognition/Data_Dump/bus_dump/lib/python3.12/site-packages/urllib3/connection.py", line 500, in request
    self.endheaders()
  File "/usr/lib/python3.12/http/client.py", line 1351, in endheaders
    self._send_output(message_body, encode_chunked=encode_chunked)
  File "/usr/lib/python3.12/http/client.py", line 1111, in _send_output
    self.send(msg)
  File "/usr/lib/python3.12/http/client.py", line 1055, in send
    self.connect()
  File "/home/aidadmin/Projects/Face_Recognition/Data_Dump/bus_dump/lib/python3.12/site-packages/urllib3/connection.py", line 331, in connect
    self.sock = self._new_conn()
                ^^^^^^^^^^^^^^^^
  File "/home/aidadmin/Projects/Face_Recognition/Data_Dump/bus_dump/lib/python3.12/site-packages/urllib3/connection.py", line 219, in _new_conn
    raise NewConnectionError(
urllib3.exceptions.NewConnectionError: HTTPConnection(host='localhost', port=9000): Failed to establish a new connection: [Errno 111] Connection refused

The above exception was the direct cause of the following exception:

Traceback (most recent call last):
  File "/home/aidadmin/Projects/Face_Recognition/Data_Dump/bus_dump/lib/python3.12/site-packages/gunicorn/arbiter.py", line 609, in spawn_worker
    worker.init_process()
  File "/home/aidadmin/Projects/Face_Recognition/Data_Dump/bus_dump/lib/python3.12/site-packages/uvicorn/workers.py", line 66, in init_process
    super(UvicornWorker, self).init_process()
  File "/home/aidadmin/Projects/Face_Recognition/Data_Dump/bus_dump/lib/python3.12/site-packages/gunicorn/workers/base.py", line 134, in init_process
    self.load_wsgi()
  File "/home/aidadmin/Projects/Face_Recognition/Data_Dump/bus_dump/lib/python3.12/site-packages/gunicorn/workers/base.py", line 146, in load_wsgi
    self.wsgi = self.app.wsgi()
                ^^^^^^^^^^^^^^^
  File "/home/aidadmin/Projects/Face_Recognition/Data_Dump/bus_dump/lib/python3.12/site-packages/gunicorn/app/base.py", line 67, in wsgi
    self.callable = self.load()
                    ^^^^^^^^^^^
  File "/home/aidadmin/Projects/Face_Recognition/Data_Dump/bus_dump/lib/python3.12/site-packages/gunicorn/app/wsgiapp.py", line 58, in load
    return self.load_wsgiapp()
           ^^^^^^^^^^^^^^^^^^^
  File "/home/aidadmin/Projects/Face_Recognition/Data_Dump/bus_dump/lib/python3.12/site-packages/gunicorn/app/wsgiapp.py", line 48, in load_wsgiapp
    return util.import_app(self.app_uri)
           ^^^^^^^^^^^^^^^^^^^^^^^^^^^^^
  File "/home/aidadmin/Projects/Face_Recognition/Data_Dump/bus_dump/lib/python3.12/site-packages/gunicorn/util.py", line 371, in import_app
    mod = importlib.import_module(module)
          ^^^^^^^^^^^^^^^^^^^^^^^^^^^^^^^
  File "/usr/lib/python3.12/importlib/__init__.py", line 90, in import_module
    return _bootstrap._gcd_import(name[level:], package, level)
           ^^^^^^^^^^^^^^^^^^^^^^^^^^^^^^^^^^^^^^^^^^^^^^^^^^^^
  File "<frozen importlib._bootstrap>", line 1387, in _gcd_import
  File "<frozen importlib._bootstrap>", line 1360, in _find_and_load
  File "<frozen importlib._bootstrap>", line 1331, in _find_and_load_unlocked
  File "<frozen importlib._bootstrap>", line 935, in _load_unlocked
  File "<frozen importlib._bootstrap_external>", line 995, in exec_module
  File "<frozen importlib._bootstrap>", line 488, in _call_with_frames_removed
  File "/home/aidadmin/Projects/Face_Recognition/Data_Dump/upload_api.py", line 39, in <module>
    if not minio_client.bucket_exists(MINIO_BUCKET):
           ^^^^^^^^^^^^^^^^^^^^^^^^^^^^^^^^^^^^^^^^
  File "/home/aidadmin/Projects/Face_Recognition/Data_Dump/bus_dump/lib/python3.12/site-packages/minio/api.py", line 662, in bucket_exists
    self._execute("HEAD", bucket_name)
  File "/home/aidadmin/Projects/Face_Recognition/Data_Dump/bus_dump/lib/python3.12/site-packages/minio/api.py", line 413, in _execute
    region = self._get_region(bucket_name)
             ^^^^^^^^^^^^^^^^^^^^^^^^^^^^^
  File "/home/aidadmin/Projects/Face_Recognition/Data_Dump/bus_dump/lib/python3.12/site-packages/minio/api.py", line 470, in _get_region
    response = self._url_open(
               ^^^^^^^^^^^^^^^
  File "/home/aidadmin/Projects/Face_Recognition/Data_Dump/bus_dump/lib/python3.12/site-packages/minio/api.py", line 279, in _url_open
    response = self._http.urlopen(
               ^^^^^^^^^^^^^^^^^^^
  File "/home/aidadmin/Projects/Face_Recognition/Data_Dump/bus_dump/lib/python3.12/site-packages/urllib3/poolmanager.py", line 457, in urlopen
    response = conn.urlopen(method, u.request_uri, **kw)
               ^^^^^^^^^^^^^^^^^^^^^^^^^^^^^^^^^^^^^^^^^
  File "/home/aidadmin/Projects/Face_Recognition/Data_Dump/bus_dump/lib/python3.12/site-packages/urllib3/connectionpool.py", line 871, in urlopen
    return self.urlopen(
           ^^^^^^^^^^^^^
  File "/home/aidadmin/Projects/Face_Recognition/Data_Dump/bus_dump/lib/python3.12/site-packages/urllib3/connectionpool.py", line 871, in urlopen
    return self.urlopen(
           ^^^^^^^^^^^^^
  File "/home/aidadmin/Projects/Face_Recognition/Data_Dump/bus_dump/lib/python3.12/site-packages/urllib3/connectionpool.py", line 871, in urlopen
    return self.urlopen(
           ^^^^^^^^^^^^^
  [Previous line repeated 2 more times]
  File "/home/aidadmin/Projects/Face_Recognition/Data_Dump/bus_dump/lib/python3.12/site-packages/urllib3/connectionpool.py", line 841, in urlopen
    retries = retries.increment(
              ^^^^^^^^^^^^^^^^^^
  File "/home/aidadmin/Projects/Face_Recognition/Data_Dump/bus_dump/lib/python3.12/site-packages/urllib3/util/retry.py", line 535, in increment
    raise MaxRetryError(_pool, url, reason) from reason  # type: ignore[arg-type]
    ^^^^^^^^^^^^^^^^^^^^^^^^^^^^^^^^^^^^^^^^^^^^^^^^^^^
urllib3.exceptions.MaxRetryError: HTTPConnectionPool(host='localhost', port=9000): Max retries exceeded with url: /bus-alerts?location= (Caused by NewConnectionError("HTTPConnection(host='localhost', port=9000): Failed to establish a new connection: [Errno 111] Connection refused"))
[2026-01-28 11:38:43 +0500] [218921] [INFO] Worker exiting (pid: 218921)
[2026-01-28 11:38:43 +0500] [218919] [ERROR] Worker (pid:218921) exited with code 3
[2026-01-28 11:38:43 +0500] [218919] [ERROR] Worker (pid:218922) was sent SIGTERM!
[2026-01-28 11:38:43 +0500] [218919] [ERROR] Worker (pid:218923) was sent SIGTERM!
[2026-01-28 11:38:43 +0500] [218919] [ERROR] Shutting down: Master
[2026-01-28 11:38:43 +0500] [218919] [ERROR] Reason: Worker failed to boot.
[2026-01-28 11:41:45 +0500] [218975] [INFO] Starting gunicorn 21.2.0
[2026-01-28 11:41:45 +0500] [218975] [INFO] Listening at: http://0.0.0.0:4000 (218975)
[2026-01-28 11:41:45 +0500] [218975] [INFO] Using worker: uvicorn.workers.UvicornWorker
[2026-01-28 11:41:45 +0500] [218976] [INFO] Booting worker with pid: 218976
[2026-01-28 11:41:45 +0500] [218977] [INFO] Booting worker with pid: 218977
[2026-01-28 11:41:45 +0500] [218978] [INFO] Booting worker with pid: 218978
[2026-01-28 11:41:45 +0500] [218979] [INFO] Booting worker with pid: 218979
[2026-01-28 11:41:52 +0500] [218976] [ERROR] Exception in worker process
Traceback (most recent call last):
  File "/home/aidadmin/Projects/Face_Recognition/Data_Dump/bus_dump/lib/python3.12/site-packages/urllib3/connection.py", line 204, in _new_conn
    sock = connection.create_connection(
           ^^^^^^^^^^^^^^^^^^^^^^^^^^^^^
  File "/home/aidadmin/Projects/Face_Recognition/Data_Dump/bus_dump/lib/python3.12/site-packages/urllib3/util/connection.py", line 85, in create_connection
    raise err
  File "/home/aidadmin/Projects/Face_Recognition/Data_Dump/bus_dump/lib/python3.12/site-packages/urllib3/util/connection.py", line 73, in create_connection
    sock.connect(sa)
ConnectionRefusedError: [Errno 111] Connection refused

The above exception was the direct cause of the following exception:

Traceback (most recent call last):
  File "/home/aidadmin/Projects/Face_Recognition/Data_Dump/bus_dump/lib/python3.12/site-packages/urllib3/connectionpool.py", line 787, in urlopen
    response = self._make_request(
               ^^^^^^^^^^^^^^^^^^^
  File "/home/aidadmin/Projects/Face_Recognition/Data_Dump/bus_dump/lib/python3.12/site-packages/urllib3/connectionpool.py", line 493, in _make_request
    conn.request(
  File "/home/aidadmin/Projects/Face_Recognition/Data_Dump/bus_dump/lib/python3.12/site-packages/urllib3/connection.py", line 500, in request
    self.endheaders()
  File "/usr/lib/python3.12/http/client.py", line 1351, in endheaders
    self._send_output(message_body, encode_chunked=encode_chunked)
  File "/usr/lib/python3.12/http/client.py", line 1111, in _send_output
    self.send(msg)
  File "/usr/lib/python3.12/http/client.py", line 1055, in send
    self.connect()
  File "/home/aidadmin/Projects/Face_Recognition/Data_Dump/bus_dump/lib/python3.12/site-packages/urllib3/connection.py", line 331, in connect
    self.sock = self._new_conn()
                ^^^^^^^^^^^^^^^^
  File "/home/aidadmin/Projects/Face_Recognition/Data_Dump/bus_dump/lib/python3.12/site-packages/urllib3/connection.py", line 219, in _new_conn
    raise NewConnectionError(
urllib3.exceptions.NewConnectionError: HTTPConnection(host='localhost', port=9000): Failed to establish a new connection: [Errno 111] Connection refused

The above exception was the direct cause of the following exception:

Traceback (most recent call last):
  File "/home/aidadmin/Projects/Face_Recognition/Data_Dump/bus_dump/lib/python3.12/site-packages/gunicorn/arbiter.py", line 609, in spawn_worker
    worker.init_process()
  File "/home/aidadmin/Projects/Face_Recognition/Data_Dump/bus_dump/lib/python3.12/site-packages/uvicorn/workers.py", line 66, in init_process
    super(UvicornWorker, self).init_process()
  File "/home/aidadmin/Projects/Face_Recognition/Data_Dump/bus_dump/lib/python3.12/site-packages/gunicorn/workers/base.py", line 134, in init_process
    self.load_wsgi()
  File "/home/aidadmin/Projects/Face_Recognition/Data_Dump/bus_dump/lib/python3.12/site-packages/gunicorn/workers/base.py", line 146, in load_wsgi
    self.wsgi = self.app.wsgi()
                ^^^^^^^^^^^^^^^
  File "/home/aidadmin/Projects/Face_Recognition/Data_Dump/bus_dump/lib/python3.12/site-packages/gunicorn/app/base.py", line 67, in wsgi
    self.callable = self.load()
                    ^^^^^^^^^^^
  File "/home/aidadmin/Projects/Face_Recognition/Data_Dump/bus_dump/lib/python3.12/site-packages/gunicorn/app/wsgiapp.py", line 58, in load
    return self.load_wsgiapp()
           ^^^^^^^^^^^^^^^^^^^
  File "/home/aidadmin/Projects/Face_Recognition/Data_Dump/bus_dump/lib/python3.12/site-packages/gunicorn/app/wsgiapp.py", line 48, in load_wsgiapp
    return util.import_app(self.app_uri)
           ^^^^^^^^^^^^^^^^^^^^^^^^^^^^^
  File "/home/aidadmin/Projects/Face_Recognition/Data_Dump/bus_dump/lib/python3.12/site-packages/gunicorn/util.py", line 371, in import_app
    mod = importlib.import_module(module)
          ^^^^^^^^^^^^^^^^^^^^^^^^^^^^^^^
  File "/usr/lib/python3.12/importlib/__init__.py", line 90, in import_module
    return _bootstrap._gcd_import(name[level:], package, level)
           ^^^^^^^^^^^^^^^^^^^^^^^^^^^^^^^^^^^^^^^^^^^^^^^^^^^^
  File "<frozen importlib._bootstrap>", line 1387, in _gcd_import
  File "<frozen importlib._bootstrap>", line 1360, in _find_and_load
  File "<frozen importlib._bootstrap>", line 1331, in _find_and_load_unlocked
  File "<frozen importlib._bootstrap>", line 935, in _load_unlocked
  File "<frozen importlib._bootstrap_external>", line 995, in exec_module
  File "<frozen importlib._bootstrap>", line 488, in _call_with_frames_removed
  File "/home/aidadmin/Projects/Face_Recognition/Data_Dump/upload_api.py", line 39, in <module>
    if not minio_client.bucket_exists(MINIO_BUCKET):
           ^^^^^^^^^^^^^^^^^^^^^^^^^^^^^^^^^^^^^^^^
  File "/home/aidadmin/Projects/Face_Recognition/Data_Dump/bus_dump/lib/python3.12/site-packages/minio/api.py", line 662, in bucket_exists
    self._execute("HEAD", bucket_name)
  File "/home/aidadmin/Projects/Face_Recognition/Data_Dump/bus_dump/lib/python3.12/site-packages/minio/api.py", line 413, in _execute
    region = self._get_region(bucket_name)
             ^^^^^^^^^^^^^^^^^^^^^^^^^^^^^
  File "/home/aidadmin/Projects/Face_Recognition/Data_Dump/bus_dump/lib/python3.12/site-packages/minio/api.py", line 470, in _get_region
    response = self._url_open(
               ^^^^^^^^^^^^^^^
  File "/home/aidadmin/Projects/Face_Recognition/Data_Dump/bus_dump/lib/python3.12/site-packages/minio/api.py", line 279, in _url_open
    response = self._http.urlopen(
               ^^^^^^^^^^^^^^^^^^^
  File "/home/aidadmin/Projects/Face_Recognition/Data_Dump/bus_dump/lib/python3.12/site-packages/urllib3/poolmanager.py", line 457, in urlopen
    response = conn.urlopen(method, u.request_uri, **kw)
               ^^^^^^^^^^^^^^^^^^^^^^^^^^^^^^^^^^^^^^^^^
  File "/home/aidadmin/Projects/Face_Recognition/Data_Dump/bus_dump/lib/python3.12/site-packages/urllib3/connectionpool.py", line 871, in urlopen
    return self.urlopen(
           ^^^^^^^^^^^^^
  File "/home/aidadmin/Projects/Face_Recognition/Data_Dump/bus_dump/lib/python3.12/site-packages/urllib3/connectionpool.py", line 871, in urlopen
    return self.urlopen(
           ^^^^^^^^^^^^^
  File "/home/aidadmin/Projects/Face_Recognition/Data_Dump/bus_dump/lib/python3.12/site-packages/urllib3/connectionpool.py", line 871, in urlopen
    return self.urlopen(
           ^^^^^^^^^^^^^
  [Previous line repeated 2 more times]
  File "/home/aidadmin/Projects/Face_Recognition/Data_Dump/bus_dump/lib/python3.12/site-packages/urllib3/connectionpool.py", line 841, in urlopen
    retries = retries.increment(
              ^^^^^^^^^^^^^^^^^^
  File "/home/aidadmin/Projects/Face_Recognition/Data_Dump/bus_dump/lib/python3.12/site-packages/urllib3/util/retry.py", line 535, in increment
    raise MaxRetryError(_pool, url, reason) from reason  # type: ignore[arg-type]
    ^^^^^^^^^^^^^^^^^^^^^^^^^^^^^^^^^^^^^^^^^^^^^^^^^^^
urllib3.exceptions.MaxRetryError: HTTPConnectionPool(host='localhost', port=9000): Max retries exceeded with url: /bus-alerts?location= (Caused by NewConnectionError("HTTPConnection(host='localhost', port=9000): Failed to establish a new connection: [Errno 111] Connection refused"))
[2026-01-28 11:41:52 +0500] [218976] [INFO] Worker exiting (pid: 218976)
[2026-01-28 11:41:52 +0500] [218977] [ERROR] Exception in worker process
Traceback (most recent call last):
  File "/home/aidadmin/Projects/Face_Recognition/Data_Dump/bus_dump/lib/python3.12/site-packages/urllib3/connection.py", line 204, in _new_conn
    sock = connection.create_connection(
           ^^^^^^^^^^^^^^^^^^^^^^^^^^^^^
  File "/home/aidadmin/Projects/Face_Recognition/Data_Dump/bus_dump/lib/python3.12/site-packages/urllib3/util/connection.py", line 85, in create_connection
    raise err
  File "/home/aidadmin/Projects/Face_Recognition/Data_Dump/bus_dump/lib/python3.12/site-packages/urllib3/util/connection.py", line 73, in create_connection
    sock.connect(sa)
ConnectionRefusedError: [Errno 111] Connection refused

The above exception was the direct cause of the following exception:

Traceback (most recent call last):
  File "/home/aidadmin/Projects/Face_Recognition/Data_Dump/bus_dump/lib/python3.12/site-packages/urllib3/connectionpool.py", line 787, in urlopen
    response = self._make_request(
               ^^^^^^^^^^^^^^^^^^^
  File "/home/aidadmin/Projects/Face_Recognition/Data_Dump/bus_dump/lib/python3.12/site-packages/urllib3/connectionpool.py", line 493, in _make_request
    conn.request(
  File "/home/aidadmin/Projects/Face_Recognition/Data_Dump/bus_dump/lib/python3.12/site-packages/urllib3/connection.py", line 500, in request
    self.endheaders()
  File "/usr/lib/python3.12/http/client.py", line 1351, in endheaders
    self._send_output(message_body, encode_chunked=encode_chunked)
  File "/usr/lib/python3.12/http/client.py", line 1111, in _send_output
    self.send(msg)
  File "/usr/lib/python3.12/http/client.py", line 1055, in send
    self.connect()
  File "/home/aidadmin/Projects/Face_Recognition/Data_Dump/bus_dump/lib/python3.12/site-packages/urllib3/connection.py", line 331, in connect
    self.sock = self._new_conn()
                ^^^^^^^^^^^^^^^^
  File "/home/aidadmin/Projects/Face_Recognition/Data_Dump/bus_dump/lib/python3.12/site-packages/urllib3/connection.py", line 219, in _new_conn
    raise NewConnectionError(
urllib3.exceptions.NewConnectionError: HTTPConnection(host='localhost', port=9000): Failed to establish a new connection: [Errno 111] Connection refused

The above exception was the direct cause of the following exception:

Traceback (most recent call last):
  File "/home/aidadmin/Projects/Face_Recognition/Data_Dump/bus_dump/lib/python3.12/site-packages/gunicorn/arbiter.py", line 609, in spawn_worker
    worker.init_process()
  File "/home/aidadmin/Projects/Face_Recognition/Data_Dump/bus_dump/lib/python3.12/site-packages/uvicorn/workers.py", line 66, in init_process
    super(UvicornWorker, self).init_process()
  File "/home/aidadmin/Projects/Face_Recognition/Data_Dump/bus_dump/lib/python3.12/site-packages/gunicorn/workers/base.py", line 134, in init_process
    self.load_wsgi()
  File "/home/aidadmin/Projects/Face_Recognition/Data_Dump/bus_dump/lib/python3.12/site-packages/gunicorn/workers/base.py", line 146, in load_wsgi
    self.wsgi = self.app.wsgi()
                ^^^^^^^^^^^^^^^
  File "/home/aidadmin/Projects/Face_Recognition/Data_Dump/bus_dump/lib/python3.12/site-packages/gunicorn/app/base.py", line 67, in wsgi
    self.callable = self.load()
                    ^^^^^^^^^^^
  File "/home/aidadmin/Projects/Face_Recognition/Data_Dump/bus_dump/lib/python3.12/site-packages/gunicorn/app/wsgiapp.py", line 58, in load
    return self.load_wsgiapp()
           ^^^^^^^^^^^^^^^^^^^
  File "/home/aidadmin/Projects/Face_Recognition/Data_Dump/bus_dump/lib/python3.12/site-packages/gunicorn/app/wsgiapp.py", line 48, in load_wsgiapp
    return util.import_app(self.app_uri)
           ^^^^^^^^^^^^^^^^^^^^^^^^^^^^^
  File "/home/aidadmin/Projects/Face_Recognition/Data_Dump/bus_dump/lib/python3.12/site-packages/gunicorn/util.py", line 371, in import_app
    mod = importlib.import_module(module)
          ^^^^^^^^^^^^^^^^^^^^^^^^^^^^^^^
  File "/usr/lib/python3.12/importlib/__init__.py", line 90, in import_module
    return _bootstrap._gcd_import(name[level:], package, level)
           ^^^^^^^^^^^^^^^^^^^^^^^^^^^^^^^^^^^^^^^^^^^^^^^^^^^^
  File "<frozen importlib._bootstrap>", line 1387, in _gcd_import
  File "<frozen importlib._bootstrap>", line 1360, in _find_and_load
  File "<frozen importlib._bootstrap>", line 1331, in _find_and_load_unlocked
  File "<frozen importlib._bootstrap>", line 935, in _load_unlocked
  File "<frozen importlib._bootstrap_external>", line 995, in exec_module
  File "<frozen importlib._bootstrap>", line 488, in _call_with_frames_removed
  File "/home/aidadmin/Projects/Face_Recognition/Data_Dump/upload_api.py", line 39, in <module>
    if not minio_client.bucket_exists(MINIO_BUCKET):
           ^^^^^^^^^^^^^^^^^^^^^^^^^^^^^^^^^^^^^^^^
  File "/home/aidadmin/Projects/Face_Recognition/Data_Dump/bus_dump/lib/python3.12/site-packages/minio/api.py", line 662, in bucket_exists
    self._execute("HEAD", bucket_name)
  File "/home/aidadmin/Projects/Face_Recognition/Data_Dump/bus_dump/lib/python3.12/site-packages/minio/api.py", line 413, in _execute
    region = self._get_region(bucket_name)
             ^^^^^^^^^^^^^^^^^^^^^^^^^^^^^
  File "/home/aidadmin/Projects/Face_Recognition/Data_Dump/bus_dump/lib/python3.12/site-packages/minio/api.py", line 470, in _get_region
    response = self._url_open(
               ^^^^^^^^^^^^^^^
  File "/home/aidadmin/Projects/Face_Recognition/Data_Dump/bus_dump/lib/python3.12/site-packages/minio/api.py", line 279, in _url_open
    response = self._http.urlopen(
               ^^^^^^^^^^^^^^^^^^^
  File "/home/aidadmin/Projects/Face_Recognition/Data_Dump/bus_dump/lib/python3.12/site-packages/urllib3/poolmanager.py", line 457, in urlopen
    response = conn.urlopen(method, u.request_uri, **kw)
               ^^^^^^^^^^^^^^^^^^^^^^^^^^^^^^^^^^^^^^^^^
  File "/home/aidadmin/Projects/Face_Recognition/Data_Dump/bus_dump/lib/python3.12/site-packages/urllib3/connectionpool.py", line 871, in urlopen
    return self.urlopen(
           ^^^^^^^^^^^^^
  File "/home/aidadmin/Projects/Face_Recognition/Data_Dump/bus_dump/lib/python3.12/site-packages/urllib3/connectionpool.py", line 871, in urlopen
    return self.urlopen(
           ^^^^^^^^^^^^^
  File "/home/aidadmin/Projects/Face_Recognition/Data_Dump/bus_dump/lib/python3.12/site-packages/urllib3/connectionpool.py", line 871, in urlopen
    return self.urlopen(
           ^^^^^^^^^^^^^
  [Previous line repeated 2 more times]
  File "/home/aidadmin/Projects/Face_Recognition/Data_Dump/bus_dump/lib/python3.12/site-packages/urllib3/connectionpool.py", line 841, in urlopen
    retries = retries.increment(
              ^^^^^^^^^^^^^^^^^^
  File "/home/aidadmin/Projects/Face_Recognition/Data_Dump/bus_dump/lib/python3.12/site-packages/urllib3/util/retry.py", line 535, in increment
    raise MaxRetryError(_pool, url, reason) from reason  # type: ignore[arg-type]
    ^^^^^^^^^^^^^^^^^^^^^^^^^^^^^^^^^^^^^^^^^^^^^^^^^^^
urllib3.exceptions.MaxRetryError: HTTPConnectionPool(host='localhost', port=9000): Max retries exceeded with url: /bus-alerts?location= (Caused by NewConnectionError("HTTPConnection(host='localhost', port=9000): Failed to establish a new connection: [Errno 111] Connection refused"))
[2026-01-28 11:41:52 +0500] [218977] [INFO] Worker exiting (pid: 218977)
[2026-01-28 11:41:52 +0500] [218975] [ERROR] Worker (pid:218976) exited with code 3
[2026-01-28 11:41:52 +0500] [218975] [ERROR] Worker (pid:218977) was sent SIGTERM!
[2026-01-28 11:41:52 +0500] [218975] [ERROR] Worker (pid:218979) was sent SIGTERM!
[2026-01-28 11:41:52 +0500] [218975] [ERROR] Worker (pid:218978) was sent SIGTERM!
[2026-01-28 11:41:52 +0500] [218975] [ERROR] Shutting down: Master
[2026-01-28 11:41:52 +0500] [218975] [ERROR] Reason: Worker failed to boot.
[2026-01-28 11:41:54 +0500] [218988] [INFO] Starting gunicorn 21.2.0
[2026-01-28 11:41:54 +0500] [218988] [INFO] Listening at: http://0.0.0.0:4000 (218988)
[2026-01-28 11:41:54 +0500] [218988] [INFO] Using worker: uvicorn.workers.UvicornWorker
[2026-01-28 11:41:54 +0500] [218989] [INFO] Booting worker with pid: 218989
[2026-01-28 11:41:54 +0500] [218990] [INFO] Booting worker with pid: 218990
[2026-01-28 11:41:54 +0500] [218991] [INFO] Booting worker with pid: 218991
[2026-01-28 11:41:54 +0500] [218992] [INFO] Booting worker with pid: 218992
[2026-01-28 11:42:00 +0500] [218989] [ERROR] Exception in worker process
Traceback (most recent call last):
  File "/home/aidadmin/Projects/Face_Recognition/Data_Dump/bus_dump/lib/python3.12/site-packages/urllib3/connection.py", line 204, in _new_conn
    sock = connection.create_connection(
           ^^^^^^^^^^^^^^^^^^^^^^^^^^^^^
  File "/home/aidadmin/Projects/Face_Recognition/Data_Dump/bus_dump/lib/python3.12/site-packages/urllib3/util/connection.py", line 85, in create_connection
    raise err
  File "/home/aidadmin/Projects/Face_Recognition/Data_Dump/bus_dump/lib/python3.12/site-packages/urllib3/util/connection.py", line 73, in create_connection
    sock.connect(sa)
ConnectionRefusedError: [Errno 111] Connection refused

The above exception was the direct cause of the following exception:

Traceback (most recent call last):
  File "/home/aidadmin/Projects/Face_Recognition/Data_Dump/bus_dump/lib/python3.12/site-packages/urllib3/connectionpool.py", line 787, in urlopen
    response = self._make_request(
               ^^^^^^^^^^^^^^^^^^^
  File "/home/aidadmin/Projects/Face_Recognition/Data_Dump/bus_dump/lib/python3.12/site-packages/urllib3/connectionpool.py", line 493, in _make_request
    conn.request(
  File "/home/aidadmin/Projects/Face_Recognition/Data_Dump/bus_dump/lib/python3.12/site-packages/urllib3/connection.py", line 500, in request
    self.endheaders()
  File "/usr/lib/python3.12/http/client.py", line 1351, in endheaders
    self._send_output(message_body, encode_chunked=encode_chunked)
  File "/usr/lib/python3.12/http/client.py", line 1111, in _send_output
    self.send(msg)
  File "/usr/lib/python3.12/http/client.py", line 1055, in send
    self.connect()
  File "/home/aidadmin/Projects/Face_Recognition/Data_Dump/bus_dump/lib/python3.12/site-packages/urllib3/connection.py", line 331, in connect
    self.sock = self._new_conn()
                ^^^^^^^^^^^^^^^^
  File "/home/aidadmin/Projects/Face_Recognition/Data_Dump/bus_dump/lib/python3.12/site-packages/urllib3/connection.py", line 219, in _new_conn
    raise NewConnectionError(
urllib3.exceptions.NewConnectionError: HTTPConnection(host='localhost', port=9000): Failed to establish a new connection: [Errno 111] Connection refused

The above exception was the direct cause of the following exception:

Traceback (most recent call last):
  File "/home/aidadmin/Projects/Face_Recognition/Data_Dump/bus_dump/lib/python3.12/site-packages/gunicorn/arbiter.py", line 609, in spawn_worker
    worker.init_process()
  File "/home/aidadmin/Projects/Face_Recognition/Data_Dump/bus_dump/lib/python3.12/site-packages/uvicorn/workers.py", line 66, in init_process
    super(UvicornWorker, self).init_process()
  File "/home/aidadmin/Projects/Face_Recognition/Data_Dump/bus_dump/lib/python3.12/site-packages/gunicorn/workers/base.py", line 134, in init_process
    self.load_wsgi()
  File "/home/aidadmin/Projects/Face_Recognition/Data_Dump/bus_dump/lib/python3.12/site-packages/gunicorn/workers/base.py", line 146, in load_wsgi
    self.wsgi = self.app.wsgi()
                ^^^^^^^^^^^^^^^
  File "/home/aidadmin/Projects/Face_Recognition/Data_Dump/bus_dump/lib/python3.12/site-packages/gunicorn/app/base.py", line 67, in wsgi
    self.callable = self.load()
                    ^^^^^^^^^^^
  File "/home/aidadmin/Projects/Face_Recognition/Data_Dump/bus_dump/lib/python3.12/site-packages/gunicorn/app/wsgiapp.py", line 58, in load
    return self.load_wsgiapp()
           ^^^^^^^^^^^^^^^^^^^
  File "/home/aidadmin/Projects/Face_Recognition/Data_Dump/bus_dump/lib/python3.12/site-packages/gunicorn/app/wsgiapp.py", line 48, in load_wsgiapp
    return util.import_app(self.app_uri)
           ^^^^^^^^^^^^^^^^^^^^^^^^^^^^^
  File "/home/aidadmin/Projects/Face_Recognition/Data_Dump/bus_dump/lib/python3.12/site-packages/gunicorn/util.py", line 371, in import_app
    mod = importlib.import_module(module)
          ^^^^^^^^^^^^^^^^^^^^^^^^^^^^^^^
  File "/usr/lib/python3.12/importlib/__init__.py", line 90, in import_module
    return _bootstrap._gcd_import(name[level:], package, level)
           ^^^^^^^^^^^^^^^^^^^^^^^^^^^^^^^^^^^^^^^^^^^^^^^^^^^^
  File "<frozen importlib._bootstrap>", line 1387, in _gcd_import
  File "<frozen importlib._bootstrap>", line 1360, in _find_and_load
  File "<frozen importlib._bootstrap>", line 1331, in _find_and_load_unlocked
  File "<frozen importlib._bootstrap>", line 935, in _load_unlocked
  File "<frozen importlib._bootstrap_external>", line 995, in exec_module
  File "<frozen importlib._bootstrap>", line 488, in _call_with_frames_removed
  File "/home/aidadmin/Projects/Face_Recognition/Data_Dump/upload_api.py", line 39, in <module>
    if not minio_client.bucket_exists(MINIO_BUCKET):
           ^^^^^^^^^^^^^^^^^^^^^^^^^^^^^^^^^^^^^^^^
  File "/home/aidadmin/Projects/Face_Recognition/Data_Dump/bus_dump/lib/python3.12/site-packages/minio/api.py", line 662, in bucket_exists
    self._execute("HEAD", bucket_name)
  File "/home/aidadmin/Projects/Face_Recognition/Data_Dump/bus_dump/lib/python3.12/site-packages/minio/api.py", line 413, in _execute
    region = self._get_region(bucket_name)
             ^^^^^^^^^^^^^^^^^^^^^^^^^^^^^
  File "/home/aidadmin/Projects/Face_Recognition/Data_Dump/bus_dump/lib/python3.12/site-packages/minio/api.py", line 470, in _get_region
    response = self._url_open(
               ^^^^^^^^^^^^^^^
  File "/home/aidadmin/Projects/Face_Recognition/Data_Dump/bus_dump/lib/python3.12/site-packages/minio/api.py", line 279, in _url_open
    response = self._http.urlopen(
               ^^^^^^^^^^^^^^^^^^^
  File "/home/aidadmin/Projects/Face_Recognition/Data_Dump/bus_dump/lib/python3.12/site-packages/urllib3/poolmanager.py", line 457, in urlopen
    response = conn.urlopen(method, u.request_uri, **kw)
               ^^^^^^^^^^^^^^^^^^^^^^^^^^^^^^^^^^^^^^^^^
  File "/home/aidadmin/Projects/Face_Recognition/Data_Dump/bus_dump/lib/python3.12/site-packages/urllib3/connectionpool.py", line 871, in urlopen
    return self.urlopen(
           ^^^^^^^^^^^^^
  File "/home/aidadmin/Projects/Face_Recognition/Data_Dump/bus_dump/lib/python3.12/site-packages/urllib3/connectionpool.py", line 871, in urlopen
    return self.urlopen(
           ^^^^^^^^^^^^^
  File "/home/aidadmin/Projects/Face_Recognition/Data_Dump/bus_dump/lib/python3.12/site-packages/urllib3/connectionpool.py", line 871, in urlopen
    return self.urlopen(
           ^^^^^^^^^^^^^
  [Previous line repeated 2 more times]
  File "/home/aidadmin/Projects/Face_Recognition/Data_Dump/bus_dump/lib/python3.12/site-packages/urllib3/connectionpool.py", line 841, in urlopen
    retries = retries.increment(
              ^^^^^^^^^^^^^^^^^^
  File "/home/aidadmin/Projects/Face_Recognition/Data_Dump/bus_dump/lib/python3.12/site-packages/urllib3/util/retry.py", line 535, in increment
    raise MaxRetryError(_pool, url, reason) from reason  # type: ignore[arg-type]
    ^^^^^^^^^^^^^^^^^^^^^^^^^^^^^^^^^^^^^^^^^^^^^^^^^^^
urllib3.exceptions.MaxRetryError: HTTPConnectionPool(host='localhost', port=9000): Max retries exceeded with url: /bus-alerts?location= (Caused by NewConnectionError("HTTPConnection(host='localhost', port=9000): Failed to establish a new connection: [Errno 111] Connection refused"))
[2026-01-28 11:42:00 +0500] [218989] [INFO] Worker exiting (pid: 218989)
[2026-01-28 11:42:00 +0500] [218988] [ERROR] Worker (pid:218989) exited with code 3
[2026-01-28 11:42:00 +0500] [218988] [ERROR] Worker (pid:218990) was sent SIGTERM!
[2026-01-28 11:42:00 +0500] [218988] [ERROR] Worker (pid:218992) was sent SIGTERM!
[2026-01-28 11:42:00 +0500] [218988] [ERROR] Worker (pid:218991) was sent SIGTERM!
[2026-01-28 11:42:00 +0500] [218988] [ERROR] Shutting down: Master
[2026-01-28 11:42:00 +0500] [218988] [ERROR] Reason: Worker failed to boot.
[2026-01-28 16:33:10 +0500] [220643] [INFO] Starting gunicorn 21.2.0
[2026-01-28 16:33:10 +0500] [220643] [INFO] Listening at: http://0.0.0.0:4000 (220643)
[2026-01-28 16:33:10 +0500] [220643] [INFO] Using worker: uvicorn.workers.UvicornWorker
[2026-01-28 16:33:10 +0500] [220644] [INFO] Booting worker with pid: 220644
[2026-01-28 16:33:10 +0500] [220645] [INFO] Booting worker with pid: 220645
[2026-01-28 16:33:10 +0500] [220646] [INFO] Booting worker with pid: 220646
[2026-01-28 16:33:10 +0500] [220647] [INFO] Booting worker with pid: 220647
[2026-01-28 16:33:16 +0500] [220644] [ERROR] Exception in worker process
Traceback (most recent call last):
  File "/home/aidadmin/Projects/Face_Recognition/Data_Dump/bus_dump/lib/python3.12/site-packages/urllib3/connection.py", line 204, in _new_conn
    sock = connection.create_connection(
           ^^^^^^^^^^^^^^^^^^^^^^^^^^^^^
  File "/home/aidadmin/Projects/Face_Recognition/Data_Dump/bus_dump/lib/python3.12/site-packages/urllib3/util/connection.py", line 85, in create_connection
    raise err
  File "/home/aidadmin/Projects/Face_Recognition/Data_Dump/bus_dump/lib/python3.12/site-packages/urllib3/util/connection.py", line 73, in create_connection
    sock.connect(sa)
ConnectionRefusedError: [Errno 111] Connection refused

The above exception was the direct cause of the following exception:

Traceback (most recent call last):
  File "/home/aidadmin/Projects/Face_Recognition/Data_Dump/bus_dump/lib/python3.12/site-packages/urllib3/connectionpool.py", line 787, in urlopen
    response = self._make_request(
               ^^^^^^^^^^^^^^^^^^^
  File "/home/aidadmin/Projects/Face_Recognition/Data_Dump/bus_dump/lib/python3.12/site-packages/urllib3/connectionpool.py", line 493, in _make_request
    conn.request(
  File "/home/aidadmin/Projects/Face_Recognition/Data_Dump/bus_dump/lib/python3.12/site-packages/urllib3/connection.py", line 500, in request
    self.endheaders()
  File "/usr/lib/python3.12/http/client.py", line 1351, in endheaders
    self._send_output(message_body, encode_chunked=encode_chunked)
  File "/usr/lib/python3.12/http/client.py", line 1111, in _send_output
    self.send(msg)
  File "/usr/lib/python3.12/http/client.py", line 1055, in send
    self.connect()
  File "/home/aidadmin/Projects/Face_Recognition/Data_Dump/bus_dump/lib/python3.12/site-packages/urllib3/connection.py", line 331, in connect
    self.sock = self._new_conn()
                ^^^^^^^^^^^^^^^^
  File "/home/aidadmin/Projects/Face_Recognition/Data_Dump/bus_dump/lib/python3.12/site-packages/urllib3/connection.py", line 219, in _new_conn
    raise NewConnectionError(
urllib3.exceptions.NewConnectionError: HTTPConnection(host='localhost', port=9000): Failed to establish a new connection: [Errno 111] Connection refused

The above exception was the direct cause of the following exception:

Traceback (most recent call last):
  File "/home/aidadmin/Projects/Face_Recognition/Data_Dump/bus_dump/lib/python3.12/site-packages/gunicorn/arbiter.py", line 609, in spawn_worker
    worker.init_process()
  File "/home/aidadmin/Projects/Face_Recognition/Data_Dump/bus_dump/lib/python3.12/site-packages/uvicorn/workers.py", line 66, in init_process
    super(UvicornWorker, self).init_process()
  File "/home/aidadmin/Projects/Face_Recognition/Data_Dump/bus_dump/lib/python3.12/site-packages/gunicorn/workers/base.py", line 134, in init_process
    self.load_wsgi()
  File "/home/aidadmin/Projects/Face_Recognition/Data_Dump/bus_dump/lib/python3.12/site-packages/gunicorn/workers/base.py", line 146, in load_wsgi
    self.wsgi = self.app.wsgi()
                ^^^^^^^^^^^^^^^
  File "/home/aidadmin/Projects/Face_Recognition/Data_Dump/bus_dump/lib/python3.12/site-packages/gunicorn/app/base.py", line 67, in wsgi
    self.callable = self.load()
                    ^^^^^^^^^^^
  File "/home/aidadmin/Projects/Face_Recognition/Data_Dump/bus_dump/lib/python3.12/site-packages/gunicorn/app/wsgiapp.py", line 58, in load
    return self.load_wsgiapp()
           ^^^^^^^^^^^^^^^^^^^
  File "/home/aidadmin/Projects/Face_Recognition/Data_Dump/bus_dump/lib/python3.12/site-packages/gunicorn/app/wsgiapp.py", line 48, in load_wsgiapp
    return util.import_app(self.app_uri)
           ^^^^^^^^^^^^^^^^^^^^^^^^^^^^^
  File "/home/aidadmin/Projects/Face_Recognition/Data_Dump/bus_dump/lib/python3.12/site-packages/gunicorn/util.py", line 371, in import_app
    mod = importlib.import_module(module)
          ^^^^^^^^^^^^^^^^^^^^^^^^^^^^^^^
  File "/usr/lib/python3.12/importlib/__init__.py", line 90, in import_module
    return _bootstrap._gcd_import(name[level:], package, level)
           ^^^^^^^^^^^^^^^^^^^^^^^^^^^^^^^^^^^^^^^^^^^^^^^^^^^^
  File "<frozen importlib._bootstrap>", line 1387, in _gcd_import
  File "<frozen importlib._bootstrap>", line 1360, in _find_and_load
  File "<frozen importlib._bootstrap>", line 1331, in _find_and_load_unlocked
  File "<frozen importlib._bootstrap>", line 935, in _load_unlocked
  File "<frozen importlib._bootstrap_external>", line 995, in exec_module
  File "<frozen importlib._bootstrap>", line 488, in _call_with_frames_removed
  File "/home/aidadmin/Projects/Face_Recognition/Data_Dump/upload_api.py", line 39, in <module>
    if not minio_client.bucket_exists(MINIO_BUCKET):
           ^^^^^^^^^^^^^^^^^^^^^^^^^^^^^^^^^^^^^^^^
  File "/home/aidadmin/Projects/Face_Recognition/Data_Dump/bus_dump/lib/python3.12/site-packages/minio/api.py", line 662, in bucket_exists
    self._execute("HEAD", bucket_name)
  File "/home/aidadmin/Projects/Face_Recognition/Data_Dump/bus_dump/lib/python3.12/site-packages/minio/api.py", line 413, in _execute
    region = self._get_region(bucket_name)
             ^^^^^^^^^^^^^^^^^^^^^^^^^^^^^
  File "/home/aidadmin/Projects/Face_Recognition/Data_Dump/bus_dump/lib/python3.12/site-packages/minio/api.py", line 470, in _get_region
    response = self._url_open(
               ^^^^^^^^^^^^^^^
  File "/home/aidadmin/Projects/Face_Recognition/Data_Dump/bus_dump/lib/python3.12/site-packages/minio/api.py", line 279, in _url_open
    response = self._http.urlopen(
               ^^^^^^^^^^^^^^^^^^^
  File "/home/aidadmin/Projects/Face_Recognition/Data_Dump/bus_dump/lib/python3.12/site-packages/urllib3/poolmanager.py", line 457, in urlopen
    response = conn.urlopen(method, u.request_uri, **kw)
               ^^^^^^^^^^^^^^^^^^^^^^^^^^^^^^^^^^^^^^^^^
  File "/home/aidadmin/Projects/Face_Recognition/Data_Dump/bus_dump/lib/python3.12/site-packages/urllib3/connectionpool.py", line 871, in urlopen
    return self.urlopen(
           ^^^^^^^^^^^^^
  File "/home/aidadmin/Projects/Face_Recognition/Data_Dump/bus_dump/lib/python3.12/site-packages/urllib3/connectionpool.py", line 871, in urlopen
    return self.urlopen(
           ^^^^^^^^^^^^^
  File "/home/aidadmin/Projects/Face_Recognition/Data_Dump/bus_dump/lib/python3.12/site-packages/urllib3/connectionpool.py", line 871, in urlopen
    return self.urlopen(
           ^^^^^^^^^^^^^
  [Previous line repeated 2 more times]
  File "/home/aidadmin/Projects/Face_Recognition/Data_Dump/bus_dump/lib/python3.12/site-packages/urllib3/connectionpool.py", line 841, in urlopen
    retries = retries.increment(
              ^^^^^^^^^^^^^^^^^^
  File "/home/aidadmin/Projects/Face_Recognition/Data_Dump/bus_dump/lib/python3.12/site-packages/urllib3/util/retry.py", line 535, in increment
    raise MaxRetryError(_pool, url, reason) from reason  # type: ignore[arg-type]
    ^^^^^^^^^^^^^^^^^^^^^^^^^^^^^^^^^^^^^^^^^^^^^^^^^^^
urllib3.exceptions.MaxRetryError: HTTPConnectionPool(host='localhost', port=9000): Max retries exceeded with url: /bus-alerts?location= (Caused by NewConnectionError("HTTPConnection(host='localhost', port=9000): Failed to establish a new connection: [Errno 111] Connection refused"))
[2026-01-28 16:33:16 +0500] [220644] [INFO] Worker exiting (pid: 220644)
[2026-01-28 16:33:16 +0500] [220645] [ERROR] Exception in worker process
Traceback (most recent call last):
  File "/home/aidadmin/Projects/Face_Recognition/Data_Dump/bus_dump/lib/python3.12/site-packages/urllib3/connection.py", line 204, in _new_conn
    sock = connection.create_connection(
           ^^^^^^^^^^^^^^^^^^^^^^^^^^^^^
  File "/home/aidadmin/Projects/Face_Recognition/Data_Dump/bus_dump/lib/python3.12/site-packages/urllib3/util/connection.py", line 85, in create_connection
    raise err
  File "/home/aidadmin/Projects/Face_Recognition/Data_Dump/bus_dump/lib/python3.12/site-packages/urllib3/util/connection.py", line 73, in create_connection
    sock.connect(sa)
ConnectionRefusedError: [Errno 111] Connection refused

The above exception was the direct cause of the following exception:

Traceback (most recent call last):
  File "/home/aidadmin/Projects/Face_Recognition/Data_Dump/bus_dump/lib/python3.12/site-packages/urllib3/connectionpool.py", line 787, in urlopen
    response = self._make_request(
               ^^^^^^^^^^^^^^^^^^^
  File "/home/aidadmin/Projects/Face_Recognition/Data_Dump/bus_dump/lib/python3.12/site-packages/urllib3/connectionpool.py", line 493, in _make_request
    conn.request(
  File "/home/aidadmin/Projects/Face_Recognition/Data_Dump/bus_dump/lib/python3.12/site-packages/urllib3/connection.py", line 500, in request
    self.endheaders()
  File "/usr/lib/python3.12/http/client.py", line 1351, in endheaders
    self._send_output(message_body, encode_chunked=encode_chunked)
  File "/usr/lib/python3.12/http/client.py", line 1111, in _send_output
    self.send(msg)
  File "/usr/lib/python3.12/http/client.py", line 1055, in send
    self.connect()
  File "/home/aidadmin/Projects/Face_Recognition/Data_Dump/bus_dump/lib/python3.12/site-packages/urllib3/connection.py", line 331, in connect
    self.sock = self._new_conn()
                ^^^^^^^^^^^^^^^^
  File "/home/aidadmin/Projects/Face_Recognition/Data_Dump/bus_dump/lib/python3.12/site-packages/urllib3/connection.py", line 219, in _new_conn
    raise NewConnectionError(
urllib3.exceptions.NewConnectionError: HTTPConnection(host='localhost', port=9000): Failed to establish a new connection: [Errno 111] Connection refused

The above exception was the direct cause of the following exception:

Traceback (most recent call last):
  File "/home/aidadmin/Projects/Face_Recognition/Data_Dump/bus_dump/lib/python3.12/site-packages/gunicorn/arbiter.py", line 609, in spawn_worker
    worker.init_process()
  File "/home/aidadmin/Projects/Face_Recognition/Data_Dump/bus_dump/lib/python3.12/site-packages/uvicorn/workers.py", line 66, in init_process
    super(UvicornWorker, self).init_process()
  File "/home/aidadmin/Projects/Face_Recognition/Data_Dump/bus_dump/lib/python3.12/site-packages/gunicorn/workers/base.py", line 134, in init_process
    self.load_wsgi()
  File "/home/aidadmin/Projects/Face_Recognition/Data_Dump/bus_dump/lib/python3.12/site-packages/gunicorn/workers/base.py", line 146, in load_wsgi
    self.wsgi = self.app.wsgi()
                ^^^^^^^^^^^^^^^
  File "/home/aidadmin/Projects/Face_Recognition/Data_Dump/bus_dump/lib/python3.12/site-packages/gunicorn/app/base.py", line 67, in wsgi
    self.callable = self.load()
                    ^^^^^^^^^^^
  File "/home/aidadmin/Projects/Face_Recognition/Data_Dump/bus_dump/lib/python3.12/site-packages/gunicorn/app/wsgiapp.py", line 58, in load
    return self.load_wsgiapp()
           ^^^^^^^^^^^^^^^^^^^
  File "/home/aidadmin/Projects/Face_Recognition/Data_Dump/bus_dump/lib/python3.12/site-packages/gunicorn/app/wsgiapp.py", line 48, in load_wsgiapp
    return util.import_app(self.app_uri)
           ^^^^^^^^^^^^^^^^^^^^^^^^^^^^^
  File "/home/aidadmin/Projects/Face_Recognition/Data_Dump/bus_dump/lib/python3.12/site-packages/gunicorn/util.py", line 371, in import_app
    mod = importlib.import_module(module)
          ^^^^^^^^^^^^^^^^^^^^^^^^^^^^^^^
  File "/usr/lib/python3.12/importlib/__init__.py", line 90, in import_module
    return _bootstrap._gcd_import(name[level:], package, level)
           ^^^^^^^^^^^^^^^^^^^^^^^^^^^^^^^^^^^^^^^^^^^^^^^^^^^^
  File "<frozen importlib._bootstrap>", line 1387, in _gcd_import
  File "<frozen importlib._bootstrap>", line 1360, in _find_and_load
  File "<frozen importlib._bootstrap>", line 1331, in _find_and_load_unlocked
  File "<frozen importlib._bootstrap>", line 935, in _load_unlocked
  File "<frozen importlib._bootstrap_external>", line 995, in exec_module
  File "<frozen importlib._bootstrap>", line 488, in _call_with_frames_removed
  File "/home/aidadmin/Projects/Face_Recognition/Data_Dump/upload_api.py", line 39, in <module>
    if not minio_client.bucket_exists(MINIO_BUCKET):
           ^^^^^^^^^^^^^^^^^^^^^^^^^^^^^^^^^^^^^^^^
  File "/home/aidadmin/Projects/Face_Recognition/Data_Dump/bus_dump/lib/python3.12/site-packages/minio/api.py", line 662, in bucket_exists
    self._execute("HEAD", bucket_name)
  File "/home/aidadmin/Projects/Face_Recognition/Data_Dump/bus_dump/lib/python3.12/site-packages/minio/api.py", line 413, in _execute
    region = self._get_region(bucket_name)
             ^^^^^^^^^^^^^^^^^^^^^^^^^^^^^
  File "/home/aidadmin/Projects/Face_Recognition/Data_Dump/bus_dump/lib/python3.12/site-packages/minio/api.py", line 470, in _get_region
    response = self._url_open(
               ^^^^^^^^^^^^^^^
  File "/home/aidadmin/Projects/Face_Recognition/Data_Dump/bus_dump/lib/python3.12/site-packages/minio/api.py", line 279, in _url_open
    response = self._http.urlopen(
               ^^^^^^^^^^^^^^^^^^^
  File "/home/aidadmin/Projects/Face_Recognition/Data_Dump/bus_dump/lib/python3.12/site-packages/urllib3/poolmanager.py", line 457, in urlopen
    response = conn.urlopen(method, u.request_uri, **kw)
               ^^^^^^^^^^^^^^^^^^^^^^^^^^^^^^^^^^^^^^^^^
  File "/home/aidadmin/Projects/Face_Recognition/Data_Dump/bus_dump/lib/python3.12/site-packages/urllib3/connectionpool.py", line 871, in urlopen
    return self.urlopen(
           ^^^^^^^^^^^^^
  File "/home/aidadmin/Projects/Face_Recognition/Data_Dump/bus_dump/lib/python3.12/site-packages/urllib3/connectionpool.py", line 871, in urlopen
    return self.urlopen(
           ^^^^^^^^^^^^^
  File "/home/aidadmin/Projects/Face_Recognition/Data_Dump/bus_dump/lib/python3.12/site-packages/urllib3/connectionpool.py", line 871, in urlopen
    return self.urlopen(
           ^^^^^^^^^^^^^
  [Previous line repeated 2 more times]
  File "/home/aidadmin/Projects/Face_Recognition/Data_Dump/bus_dump/lib/python3.12/site-packages/urllib3/connectionpool.py", line 841, in urlopen
    retries = retries.increment(
              ^^^^^^^^^^^^^^^^^^
  File "/home/aidadmin/Projects/Face_Recognition/Data_Dump/bus_dump/lib/python3.12/site-packages/urllib3/util/retry.py", line 535, in increment
    raise MaxRetryError(_pool, url, reason) from reason  # type: ignore[arg-type]
    ^^^^^^^^^^^^^^^^^^^^^^^^^^^^^^^^^^^^^^^^^^^^^^^^^^^
urllib3.exceptions.MaxRetryError: HTTPConnectionPool(host='localhost', port=9000): Max retries exceeded with url: /bus-alerts?location= (Caused by NewConnectionError("HTTPConnection(host='localhost', port=9000): Failed to establish a new connection: [Errno 111] Connection refused"))
[2026-01-28 16:33:16 +0500] [220645] [INFO] Worker exiting (pid: 220645)
[2026-01-28 16:33:16 +0500] [220643] [ERROR] Worker (pid:220644) exited with code 3
[2026-01-28 16:33:16 +0500] [220643] [ERROR] Worker (pid:220645) was sent SIGTERM!
[2026-01-28 16:33:16 +0500] [220643] [ERROR] Worker (pid:220646) was sent SIGTERM!
[2026-01-28 16:33:16 +0500] [220643] [ERROR] Worker (pid:220647) was sent SIGTERM!
[2026-01-28 16:33:16 +0500] [220643] [ERROR] Shutting down: Master
[2026-01-28 16:33:16 +0500] [220643] [ERROR] Reason: Worker failed to boot.
[2026-01-28 16:33:18 +0500] [220656] [INFO] Starting gunicorn 21.2.0
[2026-01-28 16:33:18 +0500] [220656] [INFO] Listening at: http://0.0.0.0:4000 (220656)
[2026-01-28 16:33:18 +0500] [220656] [INFO] Using worker: uvicorn.workers.UvicornWorker
[2026-01-28 16:33:18 +0500] [220657] [INFO] Booting worker with pid: 220657
[2026-01-28 16:33:18 +0500] [220658] [INFO] Booting worker with pid: 220658
[2026-01-28 16:33:18 +0500] [220659] [INFO] Booting worker with pid: 220659
[2026-01-28 16:33:18 +0500] [220660] [INFO] Booting worker with pid: 220660
[2026-01-28 16:33:25 +0500] [220657] [ERROR] Exception in worker process
Traceback (most recent call last):
  File "/home/aidadmin/Projects/Face_Recognition/Data_Dump/bus_dump/lib/python3.12/site-packages/urllib3/connection.py", line 204, in _new_conn
    sock = connection.create_connection(
           ^^^^^^^^^^^^^^^^^^^^^^^^^^^^^
  File "/home/aidadmin/Projects/Face_Recognition/Data_Dump/bus_dump/lib/python3.12/site-packages/urllib3/util/connection.py", line 85, in create_connection
    raise err
  File "/home/aidadmin/Projects/Face_Recognition/Data_Dump/bus_dump/lib/python3.12/site-packages/urllib3/util/connection.py", line 73, in create_connection
    sock.connect(sa)
ConnectionRefusedError: [Errno 111] Connection refused

The above exception was the direct cause of the following exception:

Traceback (most recent call last):
  File "/home/aidadmin/Projects/Face_Recognition/Data_Dump/bus_dump/lib/python3.12/site-packages/urllib3/connectionpool.py", line 787, in urlopen
    response = self._make_request(
               ^^^^^^^^^^^^^^^^^^^
  File "/home/aidadmin/Projects/Face_Recognition/Data_Dump/bus_dump/lib/python3.12/site-packages/urllib3/connectionpool.py", line 493, in _make_request
    conn.request(
  File "/home/aidadmin/Projects/Face_Recognition/Data_Dump/bus_dump/lib/python3.12/site-packages/urllib3/connection.py", line 500, in request
    self.endheaders()
  File "/usr/lib/python3.12/http/client.py", line 1351, in endheaders
    self._send_output(message_body, encode_chunked=encode_chunked)
  File "/usr/lib/python3.12/http/client.py", line 1111, in _send_output
    self.send(msg)
  File "/usr/lib/python3.12/http/client.py", line 1055, in send
    self.connect()
  File "/home/aidadmin/Projects/Face_Recognition/Data_Dump/bus_dump/lib/python3.12/site-packages/urllib3/connection.py", line 331, in connect
    self.sock = self._new_conn()
                ^^^^^^^^^^^^^^^^
  File "/home/aidadmin/Projects/Face_Recognition/Data_Dump/bus_dump/lib/python3.12/site-packages/urllib3/connection.py", line 219, in _new_conn
    raise NewConnectionError(
urllib3.exceptions.NewConnectionError: HTTPConnection(host='localhost', port=9000): Failed to establish a new connection: [Errno 111] Connection refused

The above exception was the direct cause of the following exception:

Traceback (most recent call last):
  File "/home/aidadmin/Projects/Face_Recognition/Data_Dump/bus_dump/lib/python3.12/site-packages/gunicorn/arbiter.py", line 609, in spawn_worker
    worker.init_process()
  File "/home/aidadmin/Projects/Face_Recognition/Data_Dump/bus_dump/lib/python3.12/site-packages/uvicorn/workers.py", line 66, in init_process
    super(UvicornWorker, self).init_process()
  File "/home/aidadmin/Projects/Face_Recognition/Data_Dump/bus_dump/lib/python3.12/site-packages/gunicorn/workers/base.py", line 134, in init_process
    self.load_wsgi()
  File "/home/aidadmin/Projects/Face_Recognition/Data_Dump/bus_dump/lib/python3.12/site-packages/gunicorn/workers/base.py", line 146, in load_wsgi
    self.wsgi = self.app.wsgi()
                ^^^^^^^^^^^^^^^
  File "/home/aidadmin/Projects/Face_Recognition/Data_Dump/bus_dump/lib/python3.12/site-packages/gunicorn/app/base.py", line 67, in wsgi
    self.callable = self.load()
                    ^^^^^^^^^^^
  File "/home/aidadmin/Projects/Face_Recognition/Data_Dump/bus_dump/lib/python3.12/site-packages/gunicorn/app/wsgiapp.py", line 58, in load
    return self.load_wsgiapp()
           ^^^^^^^^^^^^^^^^^^^
  File "/home/aidadmin/Projects/Face_Recognition/Data_Dump/bus_dump/lib/python3.12/site-packages/gunicorn/app/wsgiapp.py", line 48, in load_wsgiapp
    return util.import_app(self.app_uri)
           ^^^^^^^^^^^^^^^^^^^^^^^^^^^^^
  File "/home/aidadmin/Projects/Face_Recognition/Data_Dump/bus_dump/lib/python3.12/site-packages/gunicorn/util.py", line 371, in import_app
    mod = importlib.import_module(module)
          ^^^^^^^^^^^^^^^^^^^^^^^^^^^^^^^
  File "/usr/lib/python3.12/importlib/__init__.py", line 90, in import_module
    return _bootstrap._gcd_import(name[level:], package, level)
           ^^^^^^^^^^^^^^^^^^^^^^^^^^^^^^^^^^^^^^^^^^^^^^^^^^^^
  File "<frozen importlib._bootstrap>", line 1387, in _gcd_import
  File "<frozen importlib._bootstrap>", line 1360, in _find_and_load
  File "<frozen importlib._bootstrap>", line 1331, in _find_and_load_unlocked
  File "<frozen importlib._bootstrap>", line 935, in _load_unlocked
  File "<frozen importlib._bootstrap_external>", line 995, in exec_module
  File "<frozen importlib._bootstrap>", line 488, in _call_with_frames_removed
  File "/home/aidadmin/Projects/Face_Recognition/Data_Dump/upload_api.py", line 39, in <module>
    if not minio_client.bucket_exists(MINIO_BUCKET):
           ^^^^^^^^^^^^^^^^^^^^^^^^^^^^^^^^^^^^^^^^
  File "/home/aidadmin/Projects/Face_Recognition/Data_Dump/bus_dump/lib/python3.12/site-packages/minio/api.py", line 662, in bucket_exists
    self._execute("HEAD", bucket_name)
  File "/home/aidadmin/Projects/Face_Recognition/Data_Dump/bus_dump/lib/python3.12/site-packages/minio/api.py", line 413, in _execute
    region = self._get_region(bucket_name)
             ^^^^^^^^^^^^^^^^^^^^^^^^^^^^^
  File "/home/aidadmin/Projects/Face_Recognition/Data_Dump/bus_dump/lib/python3.12/site-packages/minio/api.py", line 470, in _get_region
    response = self._url_open(
               ^^^^^^^^^^^^^^^
  File "/home/aidadmin/Projects/Face_Recognition/Data_Dump/bus_dump/lib/python3.12/site-packages/minio/api.py", line 279, in _url_open
    response = self._http.urlopen(
               ^^^^^^^^^^^^^^^^^^^
  File "/home/aidadmin/Projects/Face_Recognition/Data_Dump/bus_dump/lib/python3.12/site-packages/urllib3/poolmanager.py", line 457, in urlopen
    response = conn.urlopen(method, u.request_uri, **kw)
               ^^^^^^^^^^^^^^^^^^^^^^^^^^^^^^^^^^^^^^^^^
  File "/home/aidadmin/Projects/Face_Recognition/Data_Dump/bus_dump/lib/python3.12/site-packages/urllib3/connectionpool.py", line 871, in urlopen
    return self.urlopen(
           ^^^^^^^^^^^^^
  File "/home/aidadmin/Projects/Face_Recognition/Data_Dump/bus_dump/lib/python3.12/site-packages/urllib3/connectionpool.py", line 871, in urlopen
    return self.urlopen(
           ^^^^^^^^^^^^^
  File "/home/aidadmin/Projects/Face_Recognition/Data_Dump/bus_dump/lib/python3.12/site-packages/urllib3/connectionpool.py", line 871, in urlopen
    return self.urlopen(
           ^^^^^^^^^^^^^
  [Previous line repeated 2 more times]
  File "/home/aidadmin/Projects/Face_Recognition/Data_Dump/bus_dump/lib/python3.12/site-packages/urllib3/connectionpool.py", line 841, in urlopen
    retries = retries.increment(
              ^^^^^^^^^^^^^^^^^^
  File "/home/aidadmin/Projects/Face_Recognition/Data_Dump/bus_dump/lib/python3.12/site-packages/urllib3/util/retry.py", line 535, in increment
    raise MaxRetryError(_pool, url, reason) from reason  # type: ignore[arg-type]
    ^^^^^^^^^^^^^^^^^^^^^^^^^^^^^^^^^^^^^^^^^^^^^^^^^^^
urllib3.exceptions.MaxRetryError: HTTPConnectionPool(host='localhost', port=9000): Max retries exceeded with url: /bus-alerts?location= (Caused by NewConnectionError("HTTPConnection(host='localhost', port=9000): Failed to establish a new connection: [Errno 111] Connection refused"))
[2026-01-28 16:33:25 +0500] [220657] [INFO] Worker exiting (pid: 220657)
[2026-01-28 16:33:25 +0500] [220656] [ERROR] Worker (pid:220657) exited with code 3
[2026-01-28 16:33:25 +0500] [220656] [ERROR] Worker (pid:220660) was sent SIGTERM!
[2026-01-28 16:33:25 +0500] [220656] [ERROR] Worker (pid:220659) was sent SIGTERM!
[2026-01-28 16:33:25 +0500] [220656] [ERROR] Worker (pid:220658) was sent SIGTERM!
[2026-01-28 16:33:25 +0500] [220656] [ERROR] Shutting down: Master
[2026-01-28 16:33:25 +0500] [220656] [ERROR] Reason: Worker failed to boot.
